# JRE version: Java(TM) SE Runtime Environment (21.0.7+8) (build 21.0.7+8-LTS-245)
# Java VM: Java HotSpot(TM) 64-Bit Server VM (21.0.7+8-LTS-245, mixed mode, sharing, tiered, compressed oops, compressed class ptrs, g1 gc, windows-amd64)
GC Precious Log:
 CardTable entry size: 512
 Card Set container configuration: InlinePtr #cards 5 size 8 Array Of Cards #cards 12 size 40 Howl #buckets 4 coarsen threshold 1843 Howl Bitmap #cards 512 size 80 coarsen threshold 460 Card regions per heap region 1 cards per card region 2048
 CPUs: 4 total, 4 available
 Memory: 8044M
 Large Page Support: Disabled
 NUMA Support: Disabled
 Compressed Oops: Enabled (32-bit)
 Heap Region Size: 1M
 Heap Min Capacity: 256M
 Heap Initial Capacity: 256M
 Heap Max Capacity: 512M
 Pre-touch: Disabled
 Parallel Workers: 4
 Concurrent Workers: 1
 Concurrent Refinement Workers: 4
 Periodic GC: Disabled
Heap:
 garbage-first heap   total 284672K, used 162010K [0x00000000e0000000, 0x0000000100000000)
  region size 1024K, 31 young (31744K), 15 survivors (15360K)
 Metaspace       used 103990K, committed 105600K, reserved 458752K
  class space    used 13610K, committed 14400K, reserved 327680K
GC Heap History (20 events):
Event: 1580.125 GC heap before
{Heap before GC invocations=28 (full 0):
 garbage-first heap   total 283648K, used 255676K [0x00000000e0000000, 0x0000000100000000)
  region size 1024K, 131 young (134144K), 7 survivors (7168K)
 Metaspace       used 89139K, committed 94592K, reserved 458752K
  class space    used 11812K, committed 14016K, reserved 327680K
}
Event: 1580.141 GC heap after
{Heap after GC invocations=29 (full 0):
 garbage-first heap   total 283648K, used 126652K [0x00000000e0000000, 0x0000000100000000)
  region size 1024K, 4 young (4096K), 4 survivors (4096K)
 Metaspace       used 89139K, committed 94592K, reserved 458752K
  class space    used 11812K, committed 14016K, reserved 327680K
}
Event: 1665.672 GC heap before
{Heap before GC invocations=30 (full 0):
 garbage-first heap   total 283648K, used 255676K [0x00000000e0000000, 0x0000000100000000)
  region size 1024K, 133 young (136192K), 4 survivors (4096K)
 Metaspace       used 89312K, committed 94656K, reserved 458752K
  class space    used 11815K, committed 14016K, reserved 327680K
}
Event: 1665.682 GC heap after
{Heap after GC invocations=31 (full 0):
 garbage-first heap   total 283648K, used 124604K [0x00000000e0000000, 0x0000000100000000)
  region size 1024K, 4 young (4096K), 4 survivors (4096K)
 Metaspace       used 89312K, committed 94656K, reserved 458752K
  class space    used 11815K, committed 14016K, reserved 327680K
}
Event: 1710.913 GC heap before
{Heap before GC invocations=31 (full 0):
 garbage-first heap   total 283648K, used 259772K [0x00000000e0000000, 0x0000000100000000)
  region size 1024K, 137 young (140288K), 4 survivors (4096K)
 Metaspace       used 89415K, committed 94656K, reserved 458752K
  class space    used 11822K, committed 14016K, reserved 327680K
}
Event: 1710.924 GC heap after
{Heap after GC invocations=32 (full 0):
 garbage-first heap   total 283648K, used 115977K [0x00000000e0000000, 0x0000000100000000)
  region size 1024K, 2 young (2048K), 2 survivors (2048K)
 Metaspace       used 89415K, committed 94656K, reserved 458752K
  class space    used 11822K, committed 14016K, reserved 327680K
}
Event: 1756.755 GC heap before
{Heap before GC invocations=32 (full 0):
 garbage-first heap   total 283648K, used 262409K [0x00000000e0000000, 0x0000000100000000)
  region size 1024K, 146 young (149504K), 2 survivors (2048K)
 Metaspace       used 89553K, committed 94656K, reserved 458752K
  class space    used 11827K, committed 14016K, reserved 327680K
}
Event: 1756.762 GC heap after
{Heap after GC invocations=33 (full 0):
 garbage-first heap   total 283648K, used 116449K [0x00000000e0000000, 0x0000000100000000)
  region size 1024K, 2 young (2048K), 2 survivors (2048K)
 Metaspace       used 89553K, committed 94656K, reserved 458752K
  class space    used 11827K, committed 14016K, reserved 327680K
}
Event: 1761.950 GC heap before
{Heap before GC invocations=34 (full 0):
 garbage-first heap   total 283648K, used 265953K [0x00000000e0000000, 0x0000000100000000)
  region size 1024K, 148 young (151552K), 2 survivors (2048K)
 Metaspace       used 89645K, committed 94656K, reserved 458752K
  class space    used 11832K, committed 14016K, reserved 327680K
}
Event: 1761.961 GC heap after
{Heap after GC invocations=35 (full 0):
 garbage-first heap   total 283648K, used 118416K [0x00000000e0000000, 0x0000000100000000)
  region size 1024K, 4 young (4096K), 4 survivors (4096K)
 Metaspace       used 89645K, committed 94656K, reserved 458752K
  class space    used 11832K, committed 14016K, reserved 327680K
}
Event: 2122.319 GC heap before
{Heap before GC invocations=35 (full 0):
 garbage-first heap   total 283648K, used 269968K [0x00000000e0000000, 0x0000000100000000)
  region size 1024K, 146 young (149504K), 4 survivors (4096K)
 Metaspace       used 90315K, committed 94720K, reserved 458752K
  class space    used 11923K, committed 14016K, reserved 327680K
}
Event: 2122.488 GC heap after
{Heap after GC invocations=36 (full 0):
 garbage-first heap   total 283648K, used 122095K [0x00000000e0000000, 0x0000000100000000)
  region size 1024K, 3 young (3072K), 3 survivors (3072K)
 Metaspace       used 90315K, committed 94720K, reserved 458752K
  class space    used 11923K, committed 14016K, reserved 327680K
}
Event: 2124.493 GC heap before
{Heap before GC invocations=36 (full 0):
 garbage-first heap   total 283648K, used 152815K [0x00000000e0000000, 0x0000000100000000)
  region size 1024K, 34 young (34816K), 3 survivors (3072K)
 Metaspace       used 91039K, committed 94720K, reserved 458752K
  class space    used 12023K, committed 14016K, reserved 327680K
}
Event: 2124.513 GC heap after
{Heap after GC invocations=37 (full 0):
 garbage-first heap   total 283648K, used 125730K [0x00000000e0000000, 0x0000000100000000)
  region size 1024K, 7 young (7168K), 7 survivors (7168K)
 Metaspace       used 91039K, committed 94720K, reserved 458752K
  class space    used 12023K, committed 14016K, reserved 327680K
}
Event: 2127.418 GC heap before
{Heap before GC invocations=38 (full 0):
 garbage-first heap   total 283648K, used 260898K [0x00000000e0000000, 0x0000000100000000)
  region size 1024K, 138 young (141312K), 7 survivors (7168K)
 Metaspace       used 93243K, committed 95744K, reserved 458752K
  class space    used 12296K, committed 14016K, reserved 327680K
}
Event: 2127.439 GC heap after
{Heap after GC invocations=39 (full 0):
 garbage-first heap   total 283648K, used 135370K [0x00000000e0000000, 0x0000000100000000)
  region size 1024K, 14 young (14336K), 14 survivors (14336K)
 Metaspace       used 93243K, committed 95744K, reserved 458752K
  class space    used 12296K, committed 14016K, reserved 327680K
}
Event: 2231.228 GC heap before
{Heap before GC invocations=39 (full 0):
 garbage-first heap   total 283648K, used 252106K [0x00000000e0000000, 0x0000000100000000)
  region size 1024K, 129 young (132096K), 14 survivors (14336K)
 Metaspace       used 93764K, committed 96128K, reserved 458752K
  class space    used 12354K, committed 14016K, reserved 327680K
}
Event: 2231.252 GC heap after
{Heap after GC invocations=40 (full 0):
 garbage-first heap   total 283648K, used 137684K [0x00000000e0000000, 0x0000000100000000)
  region size 1024K, 12 young (12288K), 12 survivors (12288K)
 Metaspace       used 93764K, committed 96128K, reserved 458752K
  class space    used 12354K, committed 14016K, reserved 327680K
}
Event: 2233.396 GC heap before
{Heap before GC invocations=40 (full 0):
 garbage-first heap   total 283648K, used 256468K [0x00000000e0000000, 0x0000000100000000)
  region size 1024K, 127 young (130048K), 12 survivors (12288K)
 Metaspace       used 103819K, committed 105472K, reserved 458752K
  class space    used 13592K, committed 14400K, reserved 327680K
}
Event: 2233.423 GC heap after
{Heap after GC invocations=41 (full 0):
 garbage-first heap   total 284672K, used 147674K [0x00000000e0000000, 0x0000000100000000)
  region size 1024K, 15 young (15360K), 15 survivors (15360K)
 Metaspace       used 103819K, committed 105472K, reserved 458752K
  class space    used 13592K, committed 14400K, reserved 327680K
}

